# JRE version: OpenJDK Runtime Environment Temurin-17.0.20.1+1 (17.0.20.1+1) (build 17.0.20.1+1)
# Java VM: OpenJDK 64-Bit Server VM Temurin-17.0.20.1+1 (17.0.20.1+1, mixed mode, sharing, tiered, compressed oops, compressed class ptrs, g1 gc, windows-amd64)
GC Precious Log:
 CPUs: 4 total, 4 available
 Memory: 3913M
 Large Page Support: Disabled
 NUMA Support: Disabled
 Compressed Oops: Enabled (Zero based)
 Heap Region Size: 4M
 Heap Min Capacity: 8M
 Heap Initial Capacity: 64M
 Heap Max Capacity: 8G
 Pre-touch: Disabled
 Parallel Workers: 4
 Concurrent Workers: 1
 Concurrent Refinement Workers: 4
 Periodic GC: Disabled
Heap:
 garbage-first heap   total 745472K, used 155633K [0x0000000600000000, 0x0000000800000000)
  region size 4096K, 3 young (12288K), 3 survivors (12288K)
 Metaspace       used 76831K, committed 77696K, reserved 1179648K
  class space    used 10542K, committed 10944K, reserved 1048576K
GC Heap History (20 events):
Event: 325.338 GC heap after
{Heap after GC invocations=111 (full 0):
 garbage-first heap   total 372736K, used 144370K [0x0000000600000000, 0x0000000800000000)
  region size 4096K, 4 young (16384K), 4 survivors (16384K)
 Metaspace       used 76735K, committed 77568K, reserved 1179648K
  class space    used 10540K, committed 10944K, reserved 1048576K
}
Event: 325.410 GC heap before
{Heap before GC invocations=111 (full 0):
 garbage-first heap   total 372736K, used 148466K [0x0000000600000000, 0x0000000800000000)
  region size 4096K, 5 young (20480K), 4 survivors (16384K)
 Metaspace       used 76735K, committed 77568K, reserved 1179648K
  class space    used 10540K, committed 10944K, reserved 1048576K
}
Event: 325.485 GC heap after
{Heap after GC invocations=112 (full 0):
 garbage-first heap   total 745472K, used 145038K [0x0000000600000000, 0x0000000800000000)
  region size 4096K, 1 young (4096K), 1 survivors (4096K)
 Metaspace       used 76735K, committed 77568K, reserved 1179648K
  class space    used 10540K, committed 10944K, reserved 1048576K
}
Event: 326.678 GC heap before
{Heap before GC invocations=112 (full 0):
 garbage-first heap   total 745472K, used 177806K [0x0000000600000000, 0x0000000800000000)
  region size 4096K, 9 young (36864K), 1 survivors (4096K)
 Metaspace       used 76735K, committed 77568K, reserved 1179648K
  class space    used 10540K, committed 10944K, reserved 1048576K
}
Event: 326.698 GC heap after
{Heap after GC invocations=113 (full 0):
 garbage-first heap   total 745472K, used 144241K [0x0000000600000000, 0x0000000800000000)
  region size 4096K, 1 young (4096K), 1 survivors (4096K)
 Metaspace       used 76735K, committed 77568K, reserved 1179648K
  class space    used 10540K, committed 10944K, reserved 1048576K
}
Event: 334.714 GC heap before
{Heap before GC invocations=113 (full 0):
 garbage-first heap   total 745472K, used 271217K [0x0000000600000000, 0x0000000800000000)
  region size 4096K, 32 young (131072K), 1 survivors (4096K)
 Metaspace       used 76735K, committed 77568K, reserved 1179648K
  class space    used 10540K, committed 10944K, reserved 1048576K
}
Event: 334.773 GC heap after
{Heap after GC invocations=114 (full 0):
 garbage-first heap   total 745472K, used 144846K [0x0000000600000000, 0x0000000800000000)
  region size 4096K, 1 young (4096K), 1 survivors (4096K)
 Metaspace       used 76735K, committed 77568K, reserved 1179648K
  class space    used 10540K, committed 10944K, reserved 1048576K
}
Event: 338.538 GC heap before
{Heap before GC invocations=114 (full 0):
 garbage-first heap   total 745472K, used 304590K [0x0000000600000000, 0x0000000800000000)
  region size 4096K, 40 young (163840K), 1 survivors (4096K)
 Metaspace       used 76752K, committed 77568K, reserved 1179648K
  class space    used 10541K, committed 10944K, reserved 1048576K
}
Event: 338.560 GC heap after
{Heap after GC invocations=115 (full 0):
 garbage-first heap   total 745472K, used 146553K [0x0000000600000000, 0x0000000800000000)
  region size 4096K, 2 young (8192K), 2 survivors (8192K)
 Metaspace       used 76752K, committed 77568K, reserved 1179648K
  class space    used 10541K, committed 10944K, reserved 1048576K
}
Event: 343.621 GC heap before
{Heap before GC invocations=115 (full 0):
 garbage-first heap   total 745472K, used 306297K [0x0000000600000000, 0x0000000800000000)
  region size 4096K, 41 young (167936K), 2 survivors (8192K)
 Metaspace       used 76754K, committed 77632K, reserved 1179648K
  class space    used 10542K, committed 10944K, reserved 1048576K
}
Event: 343.630 GC heap after
{Heap after GC invocations=116 (full 0):
 garbage-first heap   total 745472K, used 147591K [0x0000000600000000, 0x0000000800000000)
  region size 4096K, 2 young (8192K), 2 survivors (8192K)
 Metaspace       used 76754K, committed 77632K, reserved 1179648K
  class space    used 10542K, committed 10944K, reserved 1048576K
}
Event: 345.497 GC heap before
{Heap before GC invocations=116 (full 0):
 garbage-first heap   total 745472K, used 360583K [0x0000000600000000, 0x0000000800000000)
  region size 4096K, 54 young (221184K), 2 survivors (8192K)
 Metaspace       used 76765K, committed 77632K, reserved 1179648K
  class space    used 10542K, committed 10944K, reserved 1048576K
}
Event: 345.741 GC heap after
{Heap after GC invocations=117 (full 0):
 garbage-first heap   total 745472K, used 149517K [0x0000000600000000, 0x0000000800000000)
  region size 4096K, 2 young (8192K), 2 survivors (8192K)
 Metaspace       used 76765K, committed 77632K, reserved 1179648K
  class space    used 10542K, committed 10944K, reserved 1048576K
}
Event: 351.583 GC heap before
{Heap before GC invocations=117 (full 0):
 garbage-first heap   total 745472K, used 321549K [0x0000000600000000, 0x0000000800000000)
  region size 4096K, 44 young (180224K), 2 survivors (8192K)
 Metaspace       used 76769K, committed 77632K, reserved 1179648K
  class space    used 10542K, committed 10944K, reserved 1048576K
}
Event: 351.616 GC heap after
{Heap after GC invocations=118 (full 0):
 garbage-first heap   total 745472K, used 151416K [0x0000000600000000, 0x0000000800000000)
  region size 4096K, 3 young (12288K), 3 survivors (12288K)
 Metaspace       used 76769K, committed 77632K, reserved 1179648K
  class space    used 10542K, committed 10944K, reserved 1048576K
}
Event: 356.808 GC heap before
{Heap before GC invocations=118 (full 0):
 garbage-first heap   total 745472K, used 294776K [0x0000000600000000, 0x0000000800000000)
  region size 4096K, 39 young (159744K), 3 survivors (12288K)
 Metaspace       used 76826K, committed 77696K, reserved 1179648K
  class space    used 10542K, committed 10944K, reserved 1048576K
}
Event: 356.835 GC heap after
{Heap after GC invocations=119 (full 0):
 garbage-first heap   total 745472K, used 152626K [0x0000000600000000, 0x0000000800000000)
  region size 4096K, 3 young (12288K), 3 survivors (12288K)
 Metaspace       used 76826K, committed 77696K, reserved 1179648K
  class space    used 10542K, committed 10944K, reserved 1048576K
}
Event: 369.005 GC heap before
{Heap before GC invocations=119 (full 0):
 garbage-first heap   total 745472K, used 386098K [0x0000000600000000, 0x0000000800000000)
  region size 4096K, 60 young (245760K), 3 survivors (12288K)
 Metaspace       used 76829K, committed 77696K, reserved 1179648K
  class space    used 10542K, committed 10944K, reserved 1048576K
}
Event: 369.465 GC heap after
{Heap after GC invocations=120 (full 0):
 garbage-first heap   total 745472K, used 154698K [0x0000000600000000, 0x0000000800000000)
  region size 4096K, 4 young (16384K), 4 survivors (16384K)
 Metaspace       used 76829K, committed 77696K, reserved 1179648K
  class space    used 10542K, committed 10944K, reserved 1048576K
}
Event: 375.646 GC heap before
{Heap before GC invocations=120 (full 0):
 garbage-first heap   total 745472K, used 302154K [0x0000000600000000, 0x0000000800000000)
  region size 4096K, 40 young (163840K), 4 survivors (16384K)
 Metaspace       used 76831K, committed 77696K, reserved 1179648K
  class space    used 10542K, committed 10944K, reserved 1048576K
}

